=== RUN STARTED at 30.08.2025 13:44:52,43 === 
Creating virtual environment... 
Activated virtual environment: 
D:\┤═ёЮЦ╖╙╗\parser_avito-master\parser_avito-master\.venv\Scripts\python.exe
C:\Users\┼▌▓┬┼┬\AppData\Local\Programs\Python\Python311\python.exe
C:\Users\┼▌▓┬┼┬\AppData\Local\Microsoft\WindowsApps\python.exe
Package    Version
---------- -------
pip        22.3
setuptools 65.5.0
Installing dependencies from requirements.txt... 
Requirement already satisfied: pip in d:\ГЮЦПСГЙХ\parser_avito-master\parser_avito-master\.venv\lib\site-packages (22.3)
Collecting pip
  Downloading pip-25.2-py3-none-any.whl (1.8 MB)
     ---------------------------------------- 1.8/1.8 MB 6.6 MB/s eta 0:00:00
Installing collected packages: pip
  Attempting uninstall: pip
    Found existing installation: pip 22.3
    Uninstalling pip-22.3:
      Successfully uninstalled pip-22.3
Successfully installed pip-25.2
Collecting beautifulsoup4==4.13.4 (from -r requirements.txt (line 1))
  Downloading beautifulsoup4-4.13.4-py3-none-any.whl.metadata (3.8 kB)
Collecting curl_cffi (from -r requirements.txt (line 2))
  Downloading curl_cffi-0.13.0-cp39-abi3-win_amd64.whl.metadata (13 kB)
Collecting loguru==0.7.0 (from -r requirements.txt (line 3))
  Downloading loguru-0.7.0-py3-none-any.whl.metadata (22 kB)
Collecting openpyxl==3.1.5 (from -r requirements.txt (line 4))
  Downloading openpyxl-3.1.5-py2.py3-none-any.whl.metadata (2.5 kB)
Collecting playwright==1.52.0 (from -r requirements.txt (line 5))
  Downloading playwright-1.52.0-py3-none-win_amd64.whl.metadata (3.5 kB)
Collecting playwright-stealth==2.0.0 (from -r requirements.txt (line 6))
  Downloading playwright_stealth-2.0.0-py3-none-any.whl.metadata (4.0 kB)
Collecting pydantic==2.9.2 (from -r requirements.txt (line 7))
  Using cached pydantic-2.9.2-py3-none-any.whl.metadata (149 kB)
Collecting pyexcel==0.7.1 (from -r requirements.txt (line 8))
  Downloading pyexcel-0.7.1-py2.py3-none-any.whl.metadata (63 kB)
Collecting pyexcel-io==0.6.7 (from -r requirements.txt (line 9))
  Downloading pyexcel_io-0.6.7-py2.py3-none-any.whl.metadata (26 kB)
Collecting pyexcel-xlsx==0.6.0 (from -r requirements.txt (line 10))
  Downloading pyexcel_xlsx-0.6.0-py2.py3-none-any.whl.metadata (16 kB)
Collecting PyYAML==6.0.2 (from -r requirements.txt (line 11))
  Downloading PyYAML-6.0.2-cp311-cp311-win_amd64.whl.metadata (2.1 kB)
Collecting requests==2.32.3 (from -r requirements.txt (line 12))
  Downloading requests-2.32.3-py3-none-any.whl.metadata (4.6 kB)
Collecting tomli_w==1.2.0 (from -r requirements.txt (line 13))
  Downloading tomli_w-1.2.0-py3-none-any.whl.metadata (5.7 kB)
Collecting tzdata==2025.2 (from -r requirements.txt (line 14))
  Downloading tzdata-2025.2-py2.py3-none-any.whl.metadata (1.4 kB)
Collecting tzlocal==5.3.1 (from -r requirements.txt (line 15))
  Downloading tzlocal-5.3.1-py3-none-any.whl.metadata (7.6 kB)
Collecting flet==0.24.1 (from -r requirements.txt (line 16))
  Downloading flet-0.24.1-py3-none-win_amd64.whl.metadata (3.2 kB)
Collecting httpx (from -r requirements.txt (line 17))
  Downloading httpx-0.28.1-py3-none-any.whl.metadata (7.1 kB)
Collecting soupsieve>1.2 (from beautifulsoup4==4.13.4->-r requirements.txt (line 1))
  Downloading soupsieve-2.8-py3-none-any.whl.metadata (4.6 kB)
Collecting typing-extensions>=4.0.0 (from beautifulsoup4==4.13.4->-r requirements.txt (line 1))
  Downloading typing_extensions-4.15.0-py3-none-any.whl.metadata (3.3 kB)
Collecting colorama>=0.3.4 (from loguru==0.7.0->-r requirements.txt (line 3))
  Downloading colorama-0.4.6-py2.py3-none-any.whl.metadata (17 kB)
Collecting win32-setctime>=1.0.0 (from loguru==0.7.0->-r requirements.txt (line 3))
  Downloading win32_setctime-1.2.0-py3-none-any.whl.metadata (2.4 kB)
Collecting et-xmlfile (from openpyxl==3.1.5->-r requirements.txt (line 4))
  Downloading et_xmlfile-2.0.0-py3-none-any.whl.metadata (2.7 kB)
Collecting pyee<14,>=13 (from playwright==1.52.0->-r requirements.txt (line 5))
  Downloading pyee-13.0.0-py3-none-any.whl.metadata (2.9 kB)
Collecting greenlet<4.0.0,>=3.1.1 (from playwright==1.52.0->-r requirements.txt (line 5))
  Downloading greenlet-3.2.4-cp311-cp311-win_amd64.whl.metadata (4.2 kB)
Collecting annotated-types>=0.6.0 (from pydantic==2.9.2->-r requirements.txt (line 7))
  Using cached annotated_types-0.7.0-py3-none-any.whl.metadata (15 kB)
Collecting pydantic-core==2.23.4 (from pydantic==2.9.2->-r requirements.txt (line 7))
  Using cached pydantic_core-2.23.4-cp311-none-win_amd64.whl.metadata (6.7 kB)
Collecting lml>=0.0.4 (from pyexcel==0.7.1->-r requirements.txt (line 8))
  Downloading lml-0.2.0-py2.py3-none-any.whl.metadata (7.9 kB)
Collecting texttable>=0.8.2 (from pyexcel==0.7.1->-r requirements.txt (line 8))
  Downloading texttable-1.7.0-py2.py3-none-any.whl.metadata (9.8 kB)
Collecting charset-normalizer<4,>=2 (from requests==2.32.3->-r requirements.txt (line 12))
  Downloading charset_normalizer-3.4.3-cp311-cp311-win_amd64.whl.metadata (37 kB)
Collecting idna<4,>=2.5 (from requests==2.32.3->-r requirements.txt (line 12))
  Using cached idna-3.10-py3-none-any.whl.metadata (10 kB)
Collecting urllib3<3,>=1.21.1 (from requests==2.32.3->-r requirements.txt (line 12))
  Downloading urllib3-2.5.0-py3-none-any.whl.metadata (6.5 kB)
Collecting certifi>=2017.4.17 (from requests==2.32.3->-r requirements.txt (line 12))
  Downloading certifi-2025.8.3-py3-none-any.whl.metadata (2.4 kB)
Collecting cookiecutter<3.0.0,>=2.6.0 (from flet==0.24.1->-r requirements.txt (line 16))
  Downloading cookiecutter-2.6.0-py3-none-any.whl.metadata (7.3 kB)
Collecting fastapi<1,>=0 (from flet==0.24.1->-r requirements.txt (line 16))
  Downloading fastapi-0.116.1-py3-none-any.whl.metadata (28 kB)
Collecting flet-runtime==0.24.1 (from flet==0.24.1->-r requirements.txt (line 16))
  Downloading flet_runtime-0.24.1-py3-none-any.whl.metadata (1.1 kB)
Collecting packaging<24.0,>=23.1 (from flet==0.24.1->-r requirements.txt (line 16))
  Downloading packaging-23.2-py3-none-any.whl.metadata (3.2 kB)
Collecting qrcode<8.0.0,>=7.4.2 (from flet==0.24.1->-r requirements.txt (line 16))
  Downloading qrcode-7.4.2-py3-none-any.whl.metadata (17 kB)
Collecting uvicorn<1,>=0 (from uvicorn[standard]<1,>=0->flet==0.24.1->-r requirements.txt (line 16))
  Downloading uvicorn-0.35.0-py3-none-any.whl.metadata (6.5 kB)
Collecting watchdog<5.0.0,>=4.0.0 (from flet==0.24.1->-r requirements.txt (line 16))
  Downloading watchdog-4.0.2-py3-none-win_amd64.whl.metadata (38 kB)
Collecting flet-core==0.24.1 (from flet-runtime==0.24.1->flet==0.24.1->-r requirements.txt (line 16))
  Downloading flet_core-0.24.1-py3-none-any.whl.metadata (971 bytes)
Collecting oauthlib<4.0.0,>=3.2.2 (from flet-runtime==0.24.1->flet==0.24.1->-r requirements.txt (line 16))
  Downloading oauthlib-3.3.1-py3-none-any.whl.metadata (7.9 kB)
Collecting repath<0.10.0,>=0.9.0 (from flet-core==0.24.1->flet-runtime==0.24.1->flet==0.24.1->-r requirements.txt (line 16))
  Downloading repath-0.9.0-py3-none-any.whl.metadata (899 bytes)
Collecting anyio (from httpx->-r requirements.txt (line 17))
  Downloading anyio-4.10.0-py3-none-any.whl.metadata (4.0 kB)
Collecting httpcore==1.* (from httpx->-r requirements.txt (line 17))
  Downloading httpcore-1.0.9-py3-none-any.whl.metadata (21 kB)
Collecting binaryornot>=0.4.4 (from cookiecutter<3.0.0,>=2.6.0->flet==0.24.1->-r requirements.txt (line 16))
  Downloading binaryornot-0.4.4-py2.py3-none-any.whl.metadata (6.0 kB)
Collecting Jinja2<4.0.0,>=2.7 (from cookiecutter<3.0.0,>=2.6.0->flet==0.24.1->-r requirements.txt (line 16))
  Downloading jinja2-3.1.6-py3-none-any.whl.metadata (2.9 kB)
Collecting click<9.0.0,>=7.0 (from cookiecutter<3.0.0,>=2.6.0->flet==0.24.1->-r requirements.txt (line 16))
  Downloading click-8.2.1-py3-none-any.whl.metadata (2.5 kB)
Collecting python-slugify>=4.0.0 (from cookiecutter<3.0.0,>=2.6.0->flet==0.24.1->-r requirements.txt (line 16))
  Downloading python_slugify-8.0.4-py2.py3-none-any.whl.metadata (8.5 kB)
Collecting arrow (from cookiecutter<3.0.0,>=2.6.0->flet==0.24.1->-r requirements.txt (line 16))
  Downloading arrow-1.3.0-py3-none-any.whl.metadata (7.5 kB)
Collecting rich (from cookiecutter<3.0.0,>=2.6.0->flet==0.24.1->-r requirements.txt (line 16))
  Downloading rich-14.1.0-py3-none-any.whl.metadata (18 kB)
Collecting starlette<0.48.0,>=0.40.0 (from fastapi<1,>=0->flet==0.24.1->-r requirements.txt (line 16))
  Downloading starlette-0.47.3-py3-none-any.whl.metadata (6.2 kB)
Collecting h11>=0.16 (from httpcore==1.*->httpx->-r requirements.txt (line 17))
  Downloading h11-0.16.0-py3-none-any.whl.metadata (8.3 kB)
Collecting MarkupSafe>=2.0 (from Jinja2<4.0.0,>=2.7->cookiecutter<3.0.0,>=2.6.0->flet==0.24.1->-r requirements.txt (line 16))
  Downloading MarkupSafe-3.0.2-cp311-cp311-win_amd64.whl.metadata (4.1 kB)
Collecting pypng (from qrcode<8.0.0,>=7.4.2->flet==0.24.1->-r requirements.txt (line 16))
  Downloading pypng-0.20220715.0-py3-none-any.whl.metadata (13 kB)
Collecting six>=1.9.0 (from repath<0.10.0,>=0.9.0->flet-core==0.24.1->flet-runtime==0.24.1->flet==0.24.1->-r requirements.txt (line 16))
  Downloading six-1.17.0-py2.py3-none-any.whl.metadata (1.7 kB)
Collecting sniffio>=1.1 (from anyio->httpx->-r requirements.txt (line 17))
  Downloading sniffio-1.3.1-py3-none-any.whl.metadata (3.9 kB)
Collecting httptools>=0.6.3 (from uvicorn[standard]<1,>=0->flet==0.24.1->-r requirements.txt (line 16))
  Downloading httptools-0.6.4-cp311-cp311-win_amd64.whl.metadata (3.7 kB)
Collecting python-dotenv>=0.13 (from uvicorn[standard]<1,>=0->flet==0.24.1->-r requirements.txt (line 16))
  Downloading python_dotenv-1.1.1-py3-none-any.whl.metadata (24 kB)
Collecting watchfiles>=0.13 (from uvicorn[standard]<1,>=0->flet==0.24.1->-r requirements.txt (line 16))
  Downloading watchfiles-1.1.0-cp311-cp311-win_amd64.whl.metadata (5.0 kB)
Collecting websockets>=10.4 (from uvicorn[standard]<1,>=0->flet==0.24.1->-r requirements.txt (line 16))
  Downloading websockets-15.0.1-cp311-cp311-win_amd64.whl.metadata (7.0 kB)
Collecting cffi>=1.12.0 (from curl_cffi->-r requirements.txt (line 2))
  Downloading cffi-1.17.1-cp311-cp311-win_amd64.whl.metadata (1.6 kB)
Collecting chardet>=3.0.2 (from binaryornot>=0.4.4->cookiecutter<3.0.0,>=2.6.0->flet==0.24.1->-r requirements.txt (line 16))
  Downloading chardet-5.2.0-py3-none-any.whl.metadata (3.4 kB)
Collecting pycparser (from cffi>=1.12.0->curl_cffi->-r requirements.txt (line 2))
  Downloading pycparser-2.22-py3-none-any.whl.metadata (943 bytes)
Collecting text-unidecode>=1.3 (from python-slugify>=4.0.0->cookiecutter<3.0.0,>=2.6.0->flet==0.24.1->-r requirements.txt (line 16))
  Downloading text_unidecode-1.3-py2.py3-none-any.whl.metadata (2.4 kB)
Collecting python-dateutil>=2.7.0 (from arrow->cookiecutter<3.0.0,>=2.6.0->flet==0.24.1->-r requirements.txt (line 16))
  Downloading python_dateutil-2.9.0.post0-py2.py3-none-any.whl.metadata (8.4 kB)
Collecting types-python-dateutil>=2.8.10 (from arrow->cookiecutter<3.0.0,>=2.6.0->flet==0.24.1->-r requirements.txt (line 16))
  Downloading types_python_dateutil-2.9.0.20250822-py3-none-any.whl.metadata (1.8 kB)
Collecting markdown-it-py>=2.2.0 (from rich->cookiecutter<3.0.0,>=2.6.0->flet==0.24.1->-r requirements.txt (line 16))
  Downloading markdown_it_py-4.0.0-py3-none-any.whl.metadata (7.3 kB)
Collecting pygments<3.0.0,>=2.13.0 (from rich->cookiecutter<3.0.0,>=2.6.0->flet==0.24.1->-r requirements.txt (line 16))
  Downloading pygments-2.19.2-py3-none-any.whl.metadata (2.5 kB)
Collecting mdurl~=0.1 (from markdown-it-py>=2.2.0->rich->cookiecutter<3.0.0,>=2.6.0->flet==0.24.1->-r requirements.txt (line 16))
  Downloading mdurl-0.1.2-py3-none-any.whl.metadata (1.6 kB)
Downloading beautifulsoup4-4.13.4-py3-none-any.whl (187 kB)
Downloading loguru-0.7.0-py3-none-any.whl (59 kB)
Downloading openpyxl-3.1.5-py2.py3-none-any.whl (250 kB)
Downloading playwright-1.52.0-py3-none-win_amd64.whl (34.8 MB)
   ---------------------------------------- 34.8/34.8 MB 27.0 MB/s  0:00:01
Downloading playwright_stealth-2.0.0-py3-none-any.whl (32 kB)
Using cached pydantic-2.9.2-py3-none-any.whl (434 kB)
Downloading pyexcel-0.7.1-py2.py3-none-any.whl (88 kB)
Downloading pyexcel_io-0.6.7-py2.py3-none-any.whl (44 kB)
Downloading pyexcel_xlsx-0.6.0-py2.py3-none-any.whl (9.6 kB)
Downloading PyYAML-6.0.2-cp311-cp311-win_amd64.whl (161 kB)
Downloading requests-2.32.3-py3-none-any.whl (64 kB)
Downloading tomli_w-1.2.0-py3-none-any.whl (6.7 kB)
Downloading tzdata-2025.2-py2.py3-none-any.whl (347 kB)
Downloading tzlocal-5.3.1-py3-none-any.whl (18 kB)
Downloading flet-0.24.1-py3-none-win_amd64.whl (42.7 MB)
   ---------------------------------------- 42.7/42.7 MB 35.3 MB/s  0:00:01
Downloading flet_runtime-0.24.1-py3-none-any.whl (19 kB)
Downloading flet_core-0.24.1-py3-none-any.whl (412 kB)
Using cached pydantic_core-2.23.4-cp311-none-win_amd64.whl (1.9 MB)
Downloading httpx-0.28.1-py3-none-any.whl (73 kB)
Downloading charset_normalizer-3.4.3-cp311-cp311-win_amd64.whl (107 kB)
Downloading cookiecutter-2.6.0-py3-none-any.whl (39 kB)
Downloading click-8.2.1-py3-none-any.whl (102 kB)
Downloading fastapi-0.116.1-py3-none-any.whl (95 kB)
Downloading greenlet-3.2.4-cp311-cp311-win_amd64.whl (299 kB)
Downloading httpcore-1.0.9-py3-none-any.whl (78 kB)
Using cached idna-3.10-py3-none-any.whl (70 kB)
Downloading jinja2-3.1.6-py3-none-any.whl (134 kB)
Downloading oauthlib-3.3.1-py3-none-any.whl (160 kB)
Downloading packaging-23.2-py3-none-any.whl (53 kB)
Downloading pyee-13.0.0-py3-none-any.whl (15 kB)
Downloading qrcode-7.4.2-py3-none-any.whl (46 kB)
Downloading repath-0.9.0-py3-none-any.whl (4.7 kB)
Downloading starlette-0.47.3-py3-none-any.whl (72 kB)
Downloading anyio-4.10.0-py3-none-any.whl (107 kB)
Downloading urllib3-2.5.0-py3-none-any.whl (129 kB)
Downloading uvicorn-0.35.0-py3-none-any.whl (66 kB)
Downloading watchdog-4.0.2-py3-none-win_amd64.whl (82 kB)
Downloading curl_cffi-0.13.0-cp39-abi3-win_amd64.whl (1.6 MB)
   ---------------------------------------- 1.6/1.6 MB 17.3 MB/s  0:00:00
Using cached annotated_types-0.7.0-py3-none-any.whl (13 kB)
Downloading binaryornot-0.4.4-py2.py3-none-any.whl (9.0 kB)
Downloading certifi-2025.8.3-py3-none-any.whl (161 kB)
Downloading cffi-1.17.1-cp311-cp311-win_amd64.whl (181 kB)
Downloading chardet-5.2.0-py3-none-any.whl (199 kB)
Downloading colorama-0.4.6-py2.py3-none-any.whl (25 kB)
Downloading h11-0.16.0-py3-none-any.whl (37 kB)
Downloading httptools-0.6.4-cp311-cp311-win_amd64.whl (88 kB)
Downloading lml-0.2.0-py2.py3-none-any.whl (10 kB)
Downloading MarkupSafe-3.0.2-cp311-cp311-win_amd64.whl (15 kB)
Downloading python_dotenv-1.1.1-py3-none-any.whl (20 kB)
Downloading python_slugify-8.0.4-py2.py3-none-any.whl (10 kB)
Downloading six-1.17.0-py2.py3-none-any.whl (11 kB)
Downloading sniffio-1.3.1-py3-none-any.whl (10 kB)
Downloading soupsieve-2.8-py3-none-any.whl (36 kB)
Downloading text_unidecode-1.3-py2.py3-none-any.whl (78 kB)
Downloading texttable-1.7.0-py2.py3-none-any.whl (10 kB)
Downloading typing_extensions-4.15.0-py3-none-any.whl (44 kB)
Downloading watchfiles-1.1.0-cp311-cp311-win_amd64.whl (292 kB)
Downloading websockets-15.0.1-cp311-cp311-win_amd64.whl (176 kB)
Downloading win32_setctime-1.2.0-py3-none-any.whl (4.1 kB)
Downloading arrow-1.3.0-py3-none-any.whl (66 kB)
Downloading python_dateutil-2.9.0.post0-py2.py3-none-any.whl (229 kB)
Downloading types_python_dateutil-2.9.0.20250822-py3-none-any.whl (17 kB)
Downloading et_xmlfile-2.0.0-py3-none-any.whl (18 kB)
Downloading pycparser-2.22-py3-none-any.whl (117 kB)
Downloading pypng-0.20220715.0-py3-none-any.whl (58 kB)
Downloading rich-14.1.0-py3-none-any.whl (243 kB)
Downloading pygments-2.19.2-py3-none-any.whl (1.2 MB)
   ---------------------------------------- 1.2/1.2 MB 20.5 MB/s  0:00:00
Downloading markdown_it_py-4.0.0-py3-none-any.whl (87 kB)
Downloading mdurl-0.1.2-py3-none-any.whl (10.0 kB)
Installing collected packages: texttable, text-unidecode, pypng, lml, win32-setctime, websockets, watchdog, urllib3, tzdata, typing-extensions, types-python-dateutil, tomli_w, soupsieve, sniffio, six, PyYAML, python-slugify, python-dotenv, pygments, pyexcel-io, pycparser, packaging, oauthlib, mdurl, MarkupSafe, idna, httptools, h11, greenlet, et-xmlfile, colorama, charset-normalizer, chardet, certifi, annotated-types, tzlocal, requests, repath, qrcode, python-dateutil, pyexcel, pyee, pydantic-core, openpyxl, markdown-it-py, loguru, Jinja2, httpcore, click, cffi, binaryornot, beautifulsoup4, anyio, watchfiles, uvicorn, starlette, rich, pyexcel-xlsx, pydantic, playwright, httpx, flet-core, curl_cffi, arrow, playwright-stealth, flet-runtime, fastapi, cookiecutter, flet

Successfully installed Jinja2-3.1.6 MarkupSafe-3.0.2 PyYAML-6.0.2 annotated-types-0.7.0 anyio-4.10.0 arrow-1.3.0 beautifulsoup4-4.13.4 binaryornot-0.4.4 certifi-2025.8.3 cffi-1.17.1 chardet-5.2.0 charset-normalizer-3.4.3 click-8.2.1 colorama-0.4.6 cookiecutter-2.6.0 curl_cffi-0.13.0 et-xmlfile-2.0.0 fastapi-0.116.1 flet-0.24.1 flet-core-0.24.1 flet-runtime-0.24.1 greenlet-3.2.4 h11-0.16.0 httpcore-1.0.9 httptools-0.6.4 httpx-0.28.1 idna-3.10 lml-0.2.0 loguru-0.7.0 markdown-it-py-4.0.0 mdurl-0.1.2 oauthlib-3.3.1 openpyxl-3.1.5 packaging-23.2 playwright-1.52.0 playwright-stealth-2.0.0 pycparser-2.22 pydantic-2.9.2 pydantic-core-2.23.4 pyee-13.0.0 pyexcel-0.7.1 pyexcel-io-0.6.7 pyexcel-xlsx-0.6.0 pygments-2.19.2 pypng-0.20220715.0 python-dateutil-2.9.0.post0 python-dotenv-1.1.1 python-slugify-8.0.4 qrcode-7.4.2 repath-0.9.0 requests-2.32.3 rich-14.1.0 six-1.17.0 sniffio-1.3.1 soupsieve-2.8 starlette-0.47.3 text-unidecode-1.3 texttable-1.7.0 tomli_w-1.2.0 types-python-dateutil-2.9.0.20250822 typing-extensions-4.15.0 tzdata-2025.2 tzlocal-5.3.1 urllib3-2.5.0 uvicorn-0.35.0 watchdog-4.0.2 watchfiles-1.1.0 websockets-15.0.1 win32-setctime-1.2.0
Running AvitoParser.py... 
2025-08-30 16:06:39.436 | INFO     | __main__:telegram_log_test:101 - яЕИВЮЯ АСДЕР ОПНБЕПЙЮ ДЮММШУ telegram
2025-08-30 16:06:39.458 | INFO     | __main__:telegram_log_test:110 - дНКФМШ АШРЭ ГЮОНКМЕМШ ОНКЪ рнйем TELEGRAM Х CHAT ID TELEGRAM
2025-08-30 16:07:45.144 | INFO     | __main__:telegram_log_test:101 - яЕИВЮЯ АСДЕР ОПНБЕПЙЮ ДЮММШУ telegram
2025-08-30 16:07:48.690 | DEBUG    | tg_sender:__send_to_tg:35 - нЬХАЙЮ ОПХ НРОПЮБЙЕ (ОНОШРЙЮ 1): 400 Client Error: Bad Request for url: https://api.telegram.org/bot8308748359:AAGyICpQCZChZFJeh_UNdurAp8P0YdNffSM/sendMessage
2025-08-30 16:07:48.692 | DEBUG    | tg_sender:__send_to_tg:36 - щРН РЕЯРНБНЕ ЯННАЫЕМХЕ
2025-08-30 16:07:54.279 | DEBUG    | tg_sender:__send_to_tg:35 - нЬХАЙЮ ОПХ НРОПЮБЙЕ (ОНОШРЙЮ 2): 400 Client Error: Bad Request for url: https://api.telegram.org/bot8308748359:AAGyICpQCZChZFJeh_UNdurAp8P0YdNffSM/sendMessage
2025-08-30 16:07:54.280 | DEBUG    | tg_sender:__send_to_tg:36 - щРН РЕЯРНБНЕ ЯННАЫЕМХЕ
2025-08-30 16:07:54.282 | DEBUG    | tg_sender:__send_to_tg:40 - мЕ СДЮКНЯЭ НРОПЮБХРЭ ЯННАЫЕМХЕ ОНЯКЕ БЯЕУ ОНОШРНЙ.
2025-08-30 16:08:16.735 | INFO     | __main__:telegram_log_test:101 - яЕИВЮЯ АСДЕР ОПНБЕПЙЮ ДЮММШУ telegram
2025-08-30 16:08:17.202 | DEBUG    | tg_sender:__send_to_tg:32 - яННАЫЕМХЕ СЯОЕЬМН НРОПЮБКЕМН (ОНОШРЙЮ 1)
2025-08-30 16:08:27.446 | INFO     | __main__:start_parser:142 - яРЮПР
2025-08-30 16:08:27.449 | DEBUG    | __main__:save_config:86 - мЮЯРПНИЙХ ЯНУПЮМЕМШ Б config.toml
2025-08-30 16:08:27.460 | INFO     | parser_cls:get_proxy_obj:62 - пЮАНРЮЕЛ АЕГ ОПНЙЯХ
2025-08-30 16:08:27.620 | INFO     | parser_cls:__init__:45 - гЮОСЯЙ AvitoParse Я МЮЯРПНИЙЮЛХ:
AvitoConfig(urls=['https://www.avito.ru/all/transport?q=kews'], proxy_string='', proxy_change_url='', keys_word_white_list=[], keys_word_black_list=[], seller_black_list=[], count=1, tg_token='8308748359:AAGyICpQCZChZFJeh_UNdurAp8P0YdNffSM', tg_chat_id=['293671393'], max_price=9999999999, min_price=1000, geo='', max_age=600, debug_mode=0, pause_general=60, pause_between_links=5, max_count_of_retry=5, ignore_reserv=True, ignore_promotion=False)
2025-08-30 16:08:28.869 | DEBUG    | parser_cls:fetch_data:118 - оНОШРЙЮ 1: 200
2025-08-30 16:08:29.249 | INFO     | parser_cls:filter_ads:218 - оНЯКЕ ТХКЭРПЮЖХХ _filter_by_price_range НЯРЮКНЯЭ 50
2025-08-30 16:08:29.251 | INFO     | parser_cls:filter_ads:218 - оНЯКЕ ТХКЭРПЮЖХХ _filter_by_black_keywords НЯРЮКНЯЭ 50
2025-08-30 16:08:29.253 | INFO     | parser_cls:filter_ads:218 - оНЯКЕ ТХКЭРПЮЖХХ _filter_by_white_keyword НЯРЮКНЯЭ 50
2025-08-30 16:08:29.256 | INFO     | parser_cls:filter_ads:218 - оНЯКЕ ТХКЭРПЮЖХХ _filter_by_address НЯРЮКНЯЭ 50
2025-08-30 16:08:29.275 | INFO     | parser_cls:filter_ads:218 - оНЯКЕ ТХКЭРПЮЖХХ _filter_viewed НЯРЮКНЯЭ 50
2025-08-30 16:08:29.277 | INFO     | parser_cls:filter_ads:218 - оНЯКЕ ТХКЭРПЮЖХХ _filter_by_seller НЯРЮКНЯЭ 50
2025-08-30 16:08:29.279 | INFO     | parser_cls:filter_ads:218 - оНЯКЕ ТХКЭРПЮЖХХ _filter_by_recent_time НЯРЮКНЯЭ 1
2025-08-30 16:08:29.281 | INFO     | parser_cls:filter_ads:218 - оНЯКЕ ТХКЭРПЮЖХХ _filter_by_reserve НЯРЮКНЯЭ 1
2025-08-30 16:08:29.282 | INFO     | parser_cls:filter_ads:218 - оНЯКЕ ТХКЭРПЮЖХХ _filter_by_promotion НЯРЮКНЯЭ 1
2025-08-30 16:08:29.729 | DEBUG    | tg_sender:__send_to_tg:32 - яННАЫЕМХЕ СЯОЕЬМН НРОПЮБКЕМН (ОНОШРЙЮ 1)
2025-08-30 16:08:29.731 | INFO     | parser_cls:parse:174 - яНУПЮМЪЧ Б result/all.xlsx
2025-08-30 16:08:29.950 | INFO     | parser_cls:parse:180 - оЮСГЮ 5 ЯЕЙ.
2025-08-30 16:08:34.957 | INFO     | __main__:start_parser:155 - оЮСГЮ ЛЕФДС ОНБРНПЮЛХ
2025-08-30 16:09:34.570 | DEBUG    | __main__:stop_parser:168 - яРНО
2025-08-30 16:09:34.990 | INFO     | __main__:start_parser:159 - гЮБЕПЬЕМН
2025-08-30 16:10:25.414 | INFO     | __main__:start_parser:142 - яРЮПР
2025-08-30 16:10:25.419 | DEBUG    | __main__:save_config:86 - мЮЯРПНИЙХ ЯНУПЮМЕМШ Б config.toml
2025-08-30 16:10:25.427 | INFO     | parser_cls:get_proxy_obj:62 - пЮАНРЮЕЛ АЕГ ОПНЙЯХ
2025-08-30 16:10:25.430 | INFO     | parser_cls:__init__:45 - гЮОСЯЙ AvitoParse Я МЮЯРПНИЙЮЛХ:
AvitoConfig(urls=['https://www.avito.ru/all/transport?q=kews'], proxy_string='', proxy_change_url='', keys_word_white_list=[], keys_word_black_list=[], seller_black_list=[], count=1, tg_token='8308748359:AAGyICpQCZChZFJeh_UNdurAp8P0YdNffSM', tg_chat_id=['293671393'], max_price=9999999999, min_price=1000, geo='', max_age=600, debug_mode=0, pause_general=60, pause_between_links=5, max_count_of_retry=5, ignore_reserv=True, ignore_promotion=False)
2025-08-30 16:10:26.363 | DEBUG    | parser_cls:fetch_data:118 - оНОШРЙЮ 1: 200
2025-08-30 16:10:26.673 | INFO     | parser_cls:filter_ads:218 - оНЯКЕ ТХКЭРПЮЖХХ _filter_by_price_range НЯРЮКНЯЭ 50
2025-08-30 16:10:26.675 | INFO     | parser_cls:filter_ads:218 - оНЯКЕ ТХКЭРПЮЖХХ _filter_by_black_keywords НЯРЮКНЯЭ 50
2025-08-30 16:10:26.677 | INFO     | parser_cls:filter_ads:218 - оНЯКЕ ТХКЭРПЮЖХХ _filter_by_white_keyword НЯРЮКНЯЭ 50
2025-08-30 16:10:26.678 | INFO     | parser_cls:filter_ads:218 - оНЯКЕ ТХКЭРПЮЖХХ _filter_by_address НЯРЮКНЯЭ 50
2025-08-30 16:10:26.696 | INFO     | parser_cls:filter_ads:218 - оНЯКЕ ТХКЭРПЮЖХХ _filter_viewed НЯРЮКНЯЭ 49
2025-08-30 16:10:26.699 | INFO     | parser_cls:filter_ads:218 - оНЯКЕ ТХКЭРПЮЖХХ _filter_by_seller НЯРЮКНЯЭ 49
2025-08-30 16:10:26.701 | INFO     | parser_cls:filter_ads:218 - оНЯКЕ ТХКЭРПЮЖХХ _filter_by_recent_time НЯРЮКНЯЭ 0
2025-08-30 16:10:26.703 | INFO     | parser_cls:parse:174 - яНУПЮМЪЧ Б result/all.xlsx
2025-08-30 16:10:26.707 | INFO     | parser_cls:parse:180 - оЮСГЮ 5 ЯЕЙ.
2025-08-30 16:10:31.714 | INFO     | __main__:start_parser:155 - оЮСГЮ ЛЕФДС ОНБРНПЮЛХ
2025-08-30 16:11:31.747 | INFO     | parser_cls:get_proxy_obj:62 - пЮАНРЮЕЛ АЕГ ОПНЙЯХ
2025-08-30 16:11:31.749 | INFO     | parser_cls:__init__:45 - гЮОСЯЙ AvitoParse Я МЮЯРПНИЙЮЛХ:
AvitoConfig(urls=['https://www.avito.ru/all/transport?q=kews'], proxy_string='', proxy_change_url='', keys_word_white_list=[], keys_word_black_list=[], seller_black_list=[], count=1, tg_token='8308748359:AAGyICpQCZChZFJeh_UNdurAp8P0YdNffSM', tg_chat_id=['293671393'], max_price=9999999999, min_price=1000, geo='', max_age=600, debug_mode=0, pause_general=60, pause_between_links=5, max_count_of_retry=5, ignore_reserv=True, ignore_promotion=False)
2025-08-30 16:11:32.634 | DEBUG    | parser_cls:fetch_data:118 - оНОШРЙЮ 1: 200
2025-08-30 16:11:32.989 | INFO     | parser_cls:filter_ads:218 - оНЯКЕ ТХКЭРПЮЖХХ _filter_by_price_range НЯРЮКНЯЭ 50
2025-08-30 16:11:32.991 | INFO     | parser_cls:filter_ads:218 - оНЯКЕ ТХКЭРПЮЖХХ _filter_by_black_keywords НЯРЮКНЯЭ 50
2025-08-30 16:11:32.993 | INFO     | parser_cls:filter_ads:218 - оНЯКЕ ТХКЭРПЮЖХХ _filter_by_white_keyword НЯРЮКНЯЭ 50
2025-08-30 16:11:32.995 | INFO     | parser_cls:filter_ads:218 - оНЯКЕ ТХКЭРПЮЖХХ _filter_by_address НЯРЮКНЯЭ 50
2025-08-30 16:11:33.012 | INFO     | parser_cls:filter_ads:218 - оНЯКЕ ТХКЭРПЮЖХХ _filter_viewed НЯРЮКНЯЭ 49
2025-08-30 16:11:33.014 | INFO     | parser_cls:filter_ads:218 - оНЯКЕ ТХКЭРПЮЖХХ _filter_by_seller НЯРЮКНЯЭ 49
2025-08-30 16:11:33.016 | INFO     | parser_cls:filter_ads:218 - оНЯКЕ ТХКЭРПЮЖХХ _filter_by_recent_time НЯРЮКНЯЭ 0
2025-08-30 16:11:33.018 | INFO     | parser_cls:parse:174 - яНУПЮМЪЧ Б result/all.xlsx
2025-08-30 16:11:33.020 | INFO     | parser_cls:parse:180 - оЮСГЮ 5 ЯЕЙ.
2025-08-30 16:11:38.026 | INFO     | __main__:start_parser:155 - оЮСГЮ ЛЕФДС ОНБРНПЮЛХ
2025-08-30 16:11:49.176 | DEBUG    | __main__:stop_parser:168 - яРНО
2025-08-30 16:11:50.035 | INFO     | __main__:start_parser:159 - гЮБЕПЬЕМН
2025-08-31 11:38:22.608 | INFO     | __main__:start_parser:142 - яРЮПР
2025-08-31 11:38:22.615 | DEBUG    | __main__:save_config:86 - мЮЯРПНИЙХ ЯНУПЮМЕМШ Б config.toml
2025-08-31 11:38:22.636 | INFO     | parser_cls:get_proxy_obj:62 - пЮАНРЮЕЛ АЕГ ОПНЙЯХ
2025-08-31 11:38:22.726 | INFO     | parser_cls:__init__:45 - гЮОСЯЙ AvitoParse Я МЮЯРПНИЙЮЛХ:
AvitoConfig(urls=['https://www.avito.ru/all/transport?q=kews'], proxy_string='', proxy_change_url='', keys_word_white_list=[], keys_word_black_list=[], seller_black_list=[], count=1, tg_token='8308748359:AAGyICpQCZChZFJeh_UNdurAp8P0YdNffSM', tg_chat_id=['293671393'], max_price=9999999999, min_price=1000, geo='', max_age=0, debug_mode=0, pause_general=60, pause_between_links=5, max_count_of_retry=5, ignore_reserv=True, ignore_promotion=False)
2025-08-31 11:38:23.764 | DEBUG    | parser_cls:fetch_data:118 - оНОШРЙЮ 1: 200
2025-08-31 11:38:24.132 | INFO     | parser_cls:filter_ads:218 - оНЯКЕ ТХКЭРПЮЖХХ _filter_by_price_range НЯРЮКНЯЭ 49
2025-08-31 11:38:24.134 | INFO     | parser_cls:filter_ads:218 - оНЯКЕ ТХКЭРПЮЖХХ _filter_by_black_keywords НЯРЮКНЯЭ 49
2025-08-31 11:38:24.136 | INFO     | parser_cls:filter_ads:218 - оНЯКЕ ТХКЭРПЮЖХХ _filter_by_white_keyword НЯРЮКНЯЭ 49
2025-08-31 11:38:24.137 | INFO     | parser_cls:filter_ads:218 - оНЯКЕ ТХКЭРПЮЖХХ _filter_by_address НЯРЮКНЯЭ 49
2025-08-31 11:38:24.160 | INFO     | parser_cls:filter_ads:218 - оНЯКЕ ТХКЭРПЮЖХХ _filter_viewed НЯРЮКНЯЭ 49
2025-08-31 11:38:24.162 | INFO     | parser_cls:filter_ads:218 - оНЯКЕ ТХКЭРПЮЖХХ _filter_by_seller НЯРЮКНЯЭ 49
2025-08-31 11:38:24.164 | INFO     | parser_cls:filter_ads:218 - оНЯКЕ ТХКЭРПЮЖХХ _filter_by_recent_time НЯРЮКНЯЭ 49
2025-08-31 11:38:24.166 | INFO     | parser_cls:filter_ads:218 - оНЯКЕ ТХКЭРПЮЖХХ _filter_by_reserve НЯРЮКНЯЭ 49
2025-08-31 11:38:24.168 | INFO     | parser_cls:filter_ads:218 - оНЯКЕ ТХКЭРПЮЖХХ _filter_by_promotion НЯРЮКНЯЭ 49
2025-08-31 11:38:24.711 | DEBUG    | tg_sender:__send_to_tg:32 - яННАЫЕМХЕ СЯОЕЬМН НРОПЮБКЕМН (ОНОШРЙЮ 1)
2025-08-31 11:38:25.141 | DEBUG    | tg_sender:__send_to_tg:32 - яННАЫЕМХЕ СЯОЕЬМН НРОПЮБКЕМН (ОНОШРЙЮ 1)
2025-08-31 11:38:25.559 | DEBUG    | tg_sender:__send_to_tg:32 - яННАЫЕМХЕ СЯОЕЬМН НРОПЮБКЕМН (ОНОШРЙЮ 1)
2025-08-31 11:38:25.980 | DEBUG    | tg_sender:__send_to_tg:32 - яННАЫЕМХЕ СЯОЕЬМН НРОПЮБКЕМН (ОНОШРЙЮ 1)
2025-08-31 11:38:26.419 | DEBUG    | tg_sender:__send_to_tg:32 - яННАЫЕМХЕ СЯОЕЬМН НРОПЮБКЕМН (ОНОШРЙЮ 1)
2025-08-31 11:38:26.848 | DEBUG    | tg_sender:__send_to_tg:32 - яННАЫЕМХЕ СЯОЕЬМН НРОПЮБКЕМН (ОНОШРЙЮ 1)
2025-08-31 11:38:27.262 | DEBUG    | tg_sender:__send_to_tg:32 - яННАЫЕМХЕ СЯОЕЬМН НРОПЮБКЕМН (ОНОШРЙЮ 1)
2025-08-31 11:38:27.695 | DEBUG    | tg_sender:__send_to_tg:32 - яННАЫЕМХЕ СЯОЕЬМН НРОПЮБКЕМН (ОНОШРЙЮ 1)
2025-08-31 11:38:28.137 | DEBUG    | tg_sender:__send_to_tg:32 - яННАЫЕМХЕ СЯОЕЬМН НРОПЮБКЕМН (ОНОШРЙЮ 1)
2025-08-31 11:38:28.574 | DEBUG    | tg_sender:__send_to_tg:32 - яННАЫЕМХЕ СЯОЕЬМН НРОПЮБКЕМН (ОНОШРЙЮ 1)
2025-08-31 11:38:29.031 | DEBUG    | tg_sender:__send_to_tg:32 - яННАЫЕМХЕ СЯОЕЬМН НРОПЮБКЕМН (ОНОШРЙЮ 1)
2025-08-31 11:38:29.454 | DEBUG    | tg_sender:__send_to_tg:32 - яННАЫЕМХЕ СЯОЕЬМН НРОПЮБКЕМН (ОНОШРЙЮ 1)
2025-08-31 11:38:29.878 | DEBUG    | tg_sender:__send_to_tg:32 - яННАЫЕМХЕ СЯОЕЬМН НРОПЮБКЕМН (ОНОШРЙЮ 1)
2025-08-31 11:38:30.337 | DEBUG    | tg_sender:__send_to_tg:32 - яННАЫЕМХЕ СЯОЕЬМН НРОПЮБКЕМН (ОНОШРЙЮ 1)
2025-08-31 11:38:30.793 | DEBUG    | tg_sender:__send_to_tg:32 - яННАЫЕМХЕ СЯОЕЬМН НРОПЮБКЕМН (ОНОШРЙЮ 1)
2025-08-31 11:38:31.466 | DEBUG    | tg_sender:__send_to_tg:32 - яННАЫЕМХЕ СЯОЕЬМН НРОПЮБКЕМН (ОНОШРЙЮ 1)
2025-08-31 11:38:32.046 | DEBUG    | tg_sender:__send_to_tg:32 - яННАЫЕМХЕ СЯОЕЬМН НРОПЮБКЕМН (ОНОШРЙЮ 1)
2025-08-31 11:38:32.584 | DEBUG    | tg_sender:__send_to_tg:32 - яННАЫЕМХЕ СЯОЕЬМН НРОПЮБКЕМН (ОНОШРЙЮ 1)
2025-08-31 11:38:33.031 | DEBUG    | tg_sender:__send_to_tg:32 - яННАЫЕМХЕ СЯОЕЬМН НРОПЮБКЕМН (ОНОШРЙЮ 1)
2025-08-31 11:38:33.459 | DEBUG    | tg_sender:__send_to_tg:32 - яННАЫЕМХЕ СЯОЕЬМН НРОПЮБКЕМН (ОНОШРЙЮ 1)
2025-08-31 11:38:34.176 | DEBUG    | tg_sender:__send_to_tg:32 - яННАЫЕМХЕ СЯОЕЬМН НРОПЮБКЕМН (ОНОШРЙЮ 1)
2025-08-31 11:38:35.640 | DEBUG    | tg_sender:__send_to_tg:32 - яННАЫЕМХЕ СЯОЕЬМН НРОПЮБКЕМН (ОНОШРЙЮ 1)
2025-08-31 11:38:36.065 | DEBUG    | tg_sender:__send_to_tg:32 - яННАЫЕМХЕ СЯОЕЬМН НРОПЮБКЕМН (ОНОШРЙЮ 1)
2025-08-31 11:38:36.483 | DEBUG    | tg_sender:__send_to_tg:32 - яННАЫЕМХЕ СЯОЕЬМН НРОПЮБКЕМН (ОНОШРЙЮ 1)
2025-08-31 11:38:37.929 | DEBUG    | tg_sender:__send_to_tg:32 - яННАЫЕМХЕ СЯОЕЬМН НРОПЮБКЕМН (ОНОШРЙЮ 1)
2025-08-31 11:38:39.391 | DEBUG    | tg_sender:__send_to_tg:32 - яННАЫЕМХЕ СЯОЕЬМН НРОПЮБКЕМН (ОНОШРЙЮ 1)
2025-08-31 11:38:39.838 | DEBUG    | tg_sender:__send_to_tg:32 - яННАЫЕМХЕ СЯОЕЬМН НРОПЮБКЕМН (ОНОШРЙЮ 1)
2025-08-31 11:38:40.274 | DEBUG    | tg_sender:__send_to_tg:32 - яННАЫЕМХЕ СЯОЕЬМН НРОПЮБКЕМН (ОНОШРЙЮ 1)
2025-08-31 11:38:40.703 | DEBUG    | tg_sender:__send_to_tg:32 - яННАЫЕМХЕ СЯОЕЬМН НРОПЮБКЕМН (ОНОШРЙЮ 1)
2025-08-31 11:38:41.131 | DEBUG    | tg_sender:__send_to_tg:32 - яННАЫЕМХЕ СЯОЕЬМН НРОПЮБКЕМН (ОНОШРЙЮ 1)
2025-08-31 11:38:41.560 | DEBUG    | tg_sender:__send_to_tg:32 - яННАЫЕМХЕ СЯОЕЬМН НРОПЮБКЕМН (ОНОШРЙЮ 1)
2025-08-31 11:38:41.994 | DEBUG    | tg_sender:__send_to_tg:32 - яННАЫЕМХЕ СЯОЕЬМН НРОПЮБКЕМН (ОНОШРЙЮ 1)
2025-08-31 11:38:42.425 | DEBUG    | tg_sender:__send_to_tg:32 - яННАЫЕМХЕ СЯОЕЬМН НРОПЮБКЕМН (ОНОШРЙЮ 1)
2025-08-31 11:38:42.865 | DEBUG    | tg_sender:__send_to_tg:32 - яННАЫЕМХЕ СЯОЕЬМН НРОПЮБКЕМН (ОНОШРЙЮ 1)
2025-08-31 11:38:44.296 | DEBUG    | tg_sender:__send_to_tg:32 - яННАЫЕМХЕ СЯОЕЬМН НРОПЮБКЕМН (ОНОШРЙЮ 1)
2025-08-31 11:38:45.724 | DEBUG    | tg_sender:__send_to_tg:32 - яННАЫЕМХЕ СЯОЕЬМН НРОПЮБКЕМН (ОНОШРЙЮ 1)
2025-08-31 11:38:46.156 | DEBUG    | tg_sender:__send_to_tg:32 - яННАЫЕМХЕ СЯОЕЬМН НРОПЮБКЕМН (ОНОШРЙЮ 1)
2025-08-31 11:38:47.594 | DEBUG    | tg_sender:__send_to_tg:32 - яННАЫЕМХЕ СЯОЕЬМН НРОПЮБКЕМН (ОНОШРЙЮ 1)
2025-08-31 11:38:48.055 | DEBUG    | tg_sender:__send_to_tg:32 - яННАЫЕМХЕ СЯОЕЬМН НРОПЮБКЕМН (ОНОШРЙЮ 1)
2025-08-31 11:38:48.489 | DEBUG    | tg_sender:__send_to_tg:32 - яННАЫЕМХЕ СЯОЕЬМН НРОПЮБКЕМН (ОНОШРЙЮ 1)
2025-08-31 11:38:51.402 | DEBUG    | tg_sender:__send_to_tg:32 - яННАЫЕМХЕ СЯОЕЬМН НРОПЮБКЕМН (ОНОШРЙЮ 1)
2025-08-31 11:38:52.828 | DEBUG    | tg_sender:__send_to_tg:32 - яННАЫЕМХЕ СЯОЕЬМН НРОПЮБКЕМН (ОНОШРЙЮ 1)
2025-08-31 11:38:54.269 | DEBUG    | tg_sender:__send_to_tg:32 - яННАЫЕМХЕ СЯОЕЬМН НРОПЮБКЕМН (ОНОШРЙЮ 1)
2025-08-31 11:38:54.701 | DEBUG    | tg_sender:__send_to_tg:32 - яННАЫЕМХЕ СЯОЕЬМН НРОПЮБКЕМН (ОНОШРЙЮ 1)
2025-08-31 11:38:55.156 | DEBUG    | tg_sender:__send_to_tg:32 - яННАЫЕМХЕ СЯОЕЬМН НРОПЮБКЕМН (ОНОШРЙЮ 1)
2025-08-31 11:38:56.603 | DEBUG    | tg_sender:__send_to_tg:32 - яННАЫЕМХЕ СЯОЕЬМН НРОПЮБКЕМН (ОНОШРЙЮ 1)
2025-08-31 11:38:58.027 | DEBUG    | tg_sender:__send_to_tg:32 - яННАЫЕМХЕ СЯОЕЬМН НРОПЮБКЕМН (ОНОШРЙЮ 1)
2025-08-31 11:38:58.477 | DEBUG    | tg_sender:__send_to_tg:32 - яННАЫЕМХЕ СЯОЕЬМН НРОПЮБКЕМН (ОНОШРЙЮ 1)
2025-08-31 11:38:59.921 | DEBUG    | tg_sender:__send_to_tg:32 - яННАЫЕМХЕ СЯОЕЬМН НРОПЮБКЕМН (ОНОШРЙЮ 1)
2025-08-31 11:38:59.924 | INFO     | parser_cls:parse:174 - яНУПЮМЪЧ Б result/all.xlsx
2025-08-31 11:39:00.171 | INFO     | parser_cls:parse:180 - оЮСГЮ 5 ЯЕЙ.
2025-08-31 11:39:05.190 | INFO     | __main__:start_parser:155 - оЮСГЮ ЛЕФДС ОНБРНПЮЛХ
2025-08-31 11:40:05.230 | INFO     | parser_cls:get_proxy_obj:62 - пЮАНРЮЕЛ АЕГ ОПНЙЯХ
2025-08-31 11:40:05.232 | INFO     | parser_cls:__init__:45 - гЮОСЯЙ AvitoParse Я МЮЯРПНИЙЮЛХ:
AvitoConfig(urls=['https://www.avito.ru/all/transport?q=kews'], proxy_string='', proxy_change_url='', keys_word_white_list=[], keys_word_black_list=[], seller_black_list=[], count=1, tg_token='8308748359:AAGyICpQCZChZFJeh_UNdurAp8P0YdNffSM', tg_chat_id=['293671393'], max_price=9999999999, min_price=1000, geo='', max_age=0, debug_mode=0, pause_general=60, pause_between_links=5, max_count_of_retry=5, ignore_reserv=True, ignore_promotion=False)
2025-08-31 11:40:06.053 | DEBUG    | parser_cls:fetch_data:118 - оНОШРЙЮ 1: 200
2025-08-31 11:40:06.432 | INFO     | parser_cls:filter_ads:218 - оНЯКЕ ТХКЭРПЮЖХХ _filter_by_price_range НЯРЮКНЯЭ 49
2025-08-31 11:40:06.434 | INFO     | parser_cls:filter_ads:218 - оНЯКЕ ТХКЭРПЮЖХХ _filter_by_black_keywords НЯРЮКНЯЭ 49
2025-08-31 11:40:06.436 | INFO     | parser_cls:filter_ads:218 - оНЯКЕ ТХКЭРПЮЖХХ _filter_by_white_keyword НЯРЮКНЯЭ 49
2025-08-31 11:40:06.437 | INFO     | parser_cls:filter_ads:218 - оНЯКЕ ТХКЭРПЮЖХХ _filter_by_address НЯРЮКНЯЭ 49
2025-08-31 11:40:06.456 | INFO     | parser_cls:filter_ads:218 - оНЯКЕ ТХКЭРПЮЖХХ _filter_viewed НЯРЮКНЯЭ 0
2025-08-31 11:40:06.458 | INFO     | parser_cls:parse:174 - яНУПЮМЪЧ Б result/all.xlsx
2025-08-31 11:40:06.460 | INFO     | parser_cls:parse:180 - оЮСГЮ 5 ЯЕЙ.
2025-08-31 11:40:11.465 | INFO     | __main__:start_parser:155 - оЮСГЮ ЛЕФДС ОНБРНПЮЛХ
2025-08-31 11:40:15.765 | DEBUG    | __main__:stop_parser:168 - яРНО
2025-08-31 11:40:16.469 | INFO     | __main__:start_parser:159 - гЮБЕПЬЕМН
